<?xml version="1.0" encoding="UTF-8"?>
<!-- Generated by org.testng.reporters.JUnitReportReporter -->
<testsuite hostname="DESKTOP-JDIV0GS" failures="0" tests="1" name="com.NewAutomationProject.testCases.TC_001_OpencartLoginTest" time="1.094" errors="0" timestamp="2024-06-15T12:38:06 IST" skipped="0">
  <testcase classname="com.NewAutomationProject.testCases.TC_001_OpencartLoginTest" name="opencartLoginPageDemo" time="1.094"/>
  <system-out/>
</testsuite> <!-- com.NewAutomationProject.testCases.TC_001_OpencartLoginTest -->
