<?xml version="1.0" encoding="UTF-8"?>
<!-- Generated by org.testng.reporters.JUnitReportReporter -->
<testsuite hostname="DESKTOP-JDIV0GS" failures="0" tests="1" name="com.NewAutomationProject.testCases.TC_004_AddToCartTest" time="20.436" errors="0" timestamp="2024-06-16T13:44:23 IST" skipped="0">
  <testcase classname="com.NewAutomationProject.testCases.TC_004_AddToCartTest" name="addToCart" time="20.436"/>
  <system-out/>
</testsuite> <!-- com.NewAutomationProject.testCases.TC_004_AddToCartTest -->
