<?xml version="1.0" encoding="UTF-8"?>
<!-- Generated by org.testng.reporters.JUnitReportReporter -->
<testsuite hostname="DESKTOP-JDIV0GS" failures="0" tests="2" name="com.NewAutomationProject.testCases.TC_001_OrangeHrmLoginTest" time="2.454" errors="0" timestamp="2024-06-11T17:26:03 IST" skipped="0">
  <testcase classname="com.NewAutomationProject.testCases.TC_001_OrangeHrmLoginTest" name="opencartDemopage" time="0.874"/>
  <system-out/>
  <testcase classname="com.NewAutomationProject.testCases.TC_001_OrangeHrmLoginTest" name="opencartDemopage" time="1.580"/>
  <system-out/>
</testsuite> <!-- com.NewAutomationProject.testCases.TC_001_OrangeHrmLoginTest -->
