<?xml version="1.0" encoding="UTF-8"?>
<!-- Generated by org.testng.reporters.JUnitReportReporter -->
<testsuite hostname="DESKTOP-JDIV0GS" failures="0" tests="1" name="com.NewAutomationProject.testCases.TC_001_DemoQaMainPage_TextBox_Test" time="1.049" errors="0" timestamp="2025-03-16T12:31:39 IST" skipped="0">
  <testcase classname="com.NewAutomationProject.testCases.TC_001_DemoQaMainPage_TextBox_Test" name="textBoxPageValidation" time="1.049"/>
  <system-out/>
</testsuite> <!-- com.NewAutomationProject.testCases.TC_001_DemoQaMainPage_TextBox_Test -->
