<?xml version="1.0" encoding="UTF-8"?>
<!-- Generated by org.testng.reporters.JUnitReportReporter -->
<testsuite hostname="DESKTOP-JDIV0GS" failures="0" tests="1" name="com.NewAutomationProject.testCases.TC_005_DemoQaMain_Buttons_Test" time="92.768" errors="0" timestamp="2024-10-15T09:18:24 IST" skipped="0">
  <testcase classname="com.NewAutomationProject.testCases.TC_005_DemoQaMain_Buttons_Test" name="buttonsPageValidation" time="92.768"/>
  <system-out/>
</testsuite> <!-- com.NewAutomationProject.testCases.TC_005_DemoQaMain_Buttons_Test -->
