<?xml version="1.0" encoding="UTF-8"?>
<!-- Generated by org.testng.reporters.JUnitReportReporter -->
<testsuite hostname="DESKTOP-JDIV0GS" failures="0" tests="1" name="com.NewAutomationProject.testCases.TC_001_OmayoSingleMain_Test" time="8.802" errors="0" timestamp="2024-12-28T13:02:24 IST" skipped="0">
  <testcase classname="com.NewAutomationProject.testCases.TC_001_OmayoSingleMain_Test" name="omayoMainPageValidation" time="8.802"/>
  <system-out/>
</testsuite> <!-- com.NewAutomationProject.testCases.TC_001_OmayoSingleMain_Test -->
