<?xml version="1.0" encoding="UTF-8"?>
<!-- Generated by org.testng.reporters.JUnitReportReporter -->
<testsuite hostname="DESKTOP-JDIV0GS" failures="0" tests="1" name="com.NewAutomationProject.testCases.TC_002_ProductSearchTest" time="2.724" errors="0" timestamp="2024-06-15T13:41:23 IST" skipped="0">
  <testcase classname="com.NewAutomationProject.testCases.TC_002_ProductSearchTest" name="productSearchPage" time="2.724"/>
  <system-out/>
</testsuite> <!-- com.NewAutomationProject.testCases.TC_002_ProductSearchTest -->
