<?xml version="1.0" encoding="UTF-8"?>
<!-- Generated by org.testng.reporters.JUnitReportReporter -->
<testsuite hostname="DESKTOP-JDIV0GS" failures="0" tests="1" name="com.NewAutomationProject.testCases.TC_002_OrangeHrmAdminDashboard_Page_Test" time="5.421" errors="0" timestamp="2025-02-21T14:30:16 IST" skipped="0">
  <testcase classname="com.NewAutomationProject.testCases.TC_002_OrangeHrmAdminDashboard_Page_Test" name="adminDashboardPageValidation" time="5.421"/>
  <system-out/>
</testsuite> <!-- com.NewAutomationProject.testCases.TC_002_OrangeHrmAdminDashboard_Page_Test -->
