<?xml version="1.0" encoding="UTF-8"?>
<!-- Generated by org.testng.reporters.JUnitReportReporter -->
<testsuite hostname="DESKTOP-JDIV0GS" failures="0" tests="1" name="com.NewAutomationProject.testCases.TC_001_RahulShettyPage_Test" time="128.560" errors="0" timestamp="2025-03-29T11:21:24 IST" skipped="0">
  <testcase classname="com.NewAutomationProject.testCases.TC_001_RahulShettyPage_Test" name="rahulShettyPageValidationDemo" time="128.560"/>
  <system-out/>
</testsuite> <!-- com.NewAutomationProject.testCases.TC_001_RahulShettyPage_Test -->
