<?xml version="1.0" encoding="UTF-8"?>
<!-- Generated by org.testng.reporters.JUnitReportReporter -->
<testsuite hostname="DESKTOP-JDIV0GS" failures="0" tests="1" name="com.NewAutomationProject.testCases.TC_001_SwagLabLogin_Test" time="0.491" errors="0" timestamp="2024-12-14T12:28:34 IST" skipped="0">
  <testcase classname="com.NewAutomationProject.testCases.TC_001_SwagLabLogin_Test" name="swagLabValidationDemo" time="0.491"/>
  <system-out/>
</testsuite> <!-- com.NewAutomationProject.testCases.TC_001_SwagLabLogin_Test -->
