<?xml version="1.0" encoding="UTF-8"?>
<!-- Generated by org.testng.reporters.JUnitReportReporter -->
<testsuite hostname="DESKTOP-JDIV0GS" failures="0" tests="1" name="com.NewAutomationProject.testCases.TC_006_DemoQaMain_Links_Test" time="93.059" errors="0" timestamp="2024-10-15T09:49:59 IST" skipped="0">
  <testcase classname="com.NewAutomationProject.testCases.TC_006_DemoQaMain_Links_Test" name="linksPageValidation" time="93.059"/>
  <system-out/>
</testsuite> <!-- com.NewAutomationProject.testCases.TC_006_DemoQaMain_Links_Test -->
