<?xml version="1.0" encoding="UTF-8"?>
<!-- Generated by org.testng.reporters.JUnitReportReporter -->
<testsuite hostname="DESKTOP-JDIV0GS" failures="0" tests="1" name="com.NewAutomationProject.testCases.TC_003_DemoQaMainPage_RadioBtn_Test" time="122.013" errors="0" timestamp="2024-10-15T11:52:27 IST" skipped="0">
  <testcase classname="com.NewAutomationProject.testCases.TC_003_DemoQaMainPage_RadioBtn_Test" name="radioBtnValidationPage" time="122.013"/>
  <system-out/>
</testsuite> <!-- com.NewAutomationProject.testCases.TC_003_DemoQaMainPage_RadioBtn_Test -->
