<?xml version="1.0" encoding="UTF-8"?>
<!-- Generated by org.testng.reporters.JUnitReportReporter -->
<testsuite hostname="DESKTOP-JDIV0GS" failures="0" tests="1" name="com.NewAutomationProject.testCases.TC_002_DemoQaMainPage_CheckBox_Test" time="1.556" errors="0" timestamp="2024-10-12T11:37:53 IST" skipped="0">
  <testcase classname="com.NewAutomationProject.testCases.TC_002_DemoQaMainPage_CheckBox_Test" name="checkboxValidationPage" time="1.556"/>
  <system-out/>
</testsuite> <!-- com.NewAutomationProject.testCases.TC_002_DemoQaMainPage_CheckBox_Test -->
