<?xml version="1.0" encoding="UTF-8"?>
<!-- Generated by org.testng.reporters.JUnitReportReporter -->
<testsuite hostname="DESKTOP-JDIV0GS" failures="0" tests="1" name="com.NewAutomationProject.testCases.ProductDisplayTest" time="10.531" errors="0" timestamp="2024-06-15T15:57:20 IST" skipped="0">
  <testcase classname="com.NewAutomationProject.testCases.ProductDisplayTest" name="DisplayProduct" time="10.531"/>
  <system-out/>
</testsuite> <!-- com.NewAutomationProject.testCases.ProductDisplayTest -->
