<?xml version="1.0" encoding="UTF-8"?>
<!-- Generated by org.testng.reporters.JUnitReportReporter -->
<testsuite hostname="DESKTOP-JDIV0GS" failures="0" tests="1" name="com.NewAutomationProject.testCases.TC_001_OrangeHrmLiveDemo_Page_Test" time="1.185" errors="0" timestamp="2025-01-31T12:52:21 IST" skipped="0">
  <testcase classname="com.NewAutomationProject.testCases.TC_001_OrangeHrmLiveDemo_Page_Test" name="loginPageValidation" time="1.185"/>
  <system-out/>
</testsuite> <!-- com.NewAutomationProject.testCases.TC_001_OrangeHrmLiveDemo_Page_Test -->
